[DB] Ensuring image_cache table exists...
 Starting from index 382 of 16875
  Processing 16493 files...
 Ready to upload 16493 new files
[UPLOAD] Uploading 20 image(s)...
[DB] Ensuring image_cache table exists...
 Starting from index 1002 of 16875
  Processing 15873 files...
 Ready to upload 15873 new files
[UPLOAD] Uploading 20 image(s)...
 Failed batch upload: 524 Server Error: <none> for url: https://api.imgchest.com/v1/post

 Finished in 105.86 seconds.
[DB] Ensuring image_cache table exists...
 Starting from index 1002 of 16875
  Processing 15873 files...
 Ready to upload 15873 new files
[DB] Ensuring image_cache table exists...
 Starting from index 1002 of 16875
  Processing 15873 files...
 Ready to upload 15873 new files
[DB] Ensuring image_cache table exists...
 Starting from index 1002 of 16875
  Processing 15873 files...
 Ready to upload 15873 new files
[DB] Ensuring image_cache table exists...
 Starting from index 1002 of 16875
  Processing 15873 files...
 Ready to upload 15873 new files
[UPLOAD] Uploading 5 image(s)...
[DB] Ensuring image_cache table exists...
 Starting from index 1002 of 16875
  Processing 15873 files...
 Ready to upload 15873 new files
[UPLOAD] Uploading 5 image(s)...
